<?xml version="1.0" encoding="UTF-8"?>
<definitions xmlns="http://www.omg.org/spec/BPMN/20100524/MODEL" xmlns:xsi="http://www.w3.org/2001/XMLSchema-instance"
             xmlns:xsd="http://www.w3.org/2001/XMLSchema" xmlns:activiti="http://activiti.org/bpmn"
             xmlns:bpmndi="http://www.omg.org/spec/BPMN/20100524/DI"
             xmlns:omgdc="http://www.omg.org/spec/DD/20100524/DC" xmlns:omgdi="http://www.omg.org/spec/DD/20100524/DI"
             typeLanguage="http://www.w3.org/2001/XMLSchema" expressionLanguage="http://www.w3.org/1999/XPath"
             targetNamespace="http://www.activiti.org/processdef">
    <process id="test-handTask" name="test-handTask" isExecutable="true">
        <startEvent id="startEvent1"></startEvent>
        <manualTask id="manualTask">
            <extensionElements>
                <activiti:executionListener event="start"
                                            class="com.yw56.javaservice.LogListener"></activiti:executionListener>
                <activiti:executionListener event="end"
                                            class="com.yw56.javaservice.LogListener"></activiti:executionListener>
                <activiti:executionListener event="take"
                                            class="com.yw56.javaservice.LogListener"></activiti:executionListener>
            </extensionElements>
        </manualTask>
        <sequenceFlow id="sid-397BDA87-2083-451F-9404-E9574757BEE1" sourceRef="startEvent1"
                      targetRef="manualTask"></sequenceFlow>
        <sequenceFlow id="sid-5F7AA34B-DA85-4DC5-92EF-178C62A126BF" sourceRef="manualTask"
                      targetRef="serviceTask1"></sequenceFlow>
        <serviceTask id="serviceTask1" activiti:async="true" activiti:class="com.yw56.javaservice.TestServiceException">
            <extensionElements>
                <activiti:executionListener event="start"
                                            class="com.yw56.javaservice.LogListener"></activiti:executionListener>
                <activiti:executionListener event="end"
                                            class="com.yw56.javaservice.LogListener"></activiti:executionListener>
                <activiti:executionListener event="take"
                                            class="com.yw56.javaservice.LogListener"></activiti:executionListener>
            </extensionElements>
        </serviceTask>
        <userTask id="userTask1">
            <extensionElements>
                <activiti:executionListener event="start"
                                            class="com.yw56.javaservice.LogListener"></activiti:executionListener>
                <activiti:executionListener event="end"
                                            class="com.yw56.javaservice.LogListener"></activiti:executionListener>
                <activiti:executionListener event="take"
                                            class="com.yw56.javaservice.LogListener"></activiti:executionListener>
            </extensionElements>
        </userTask>
        <sequenceFlow id="sid-F0272B78-F787-40B4-8DF1-8CBFE0DDFA20" sourceRef="serviceTask1"
                      targetRef="userTask1"></sequenceFlow>
        <endEvent id="sid-4C1B1F74-0A4C-41B1-8F02-A2F69BA19361"></endEvent>
        <sequenceFlow id="sid-84861E99-FA36-43FA-907B-47E951037804" sourceRef="userTask1"
                      targetRef="sid-4C1B1F74-0A4C-41B1-8F02-A2F69BA19361"></sequenceFlow>
    </process>
    <bpmndi:BPMNDiagram id="BPMNDiagram_test-handTask">
        <bpmndi:BPMNPlane bpmnElement="test-handTask" id="BPMNPlane_test-handTask">
            <bpmndi:BPMNShape bpmnElement="startEvent1" id="BPMNShape_startEvent1">
                <omgdc:Bounds height="30.0" width="30.0" x="90.0" y="171.0"></omgdc:Bounds>
            </bpmndi:BPMNShape>
            <bpmndi:BPMNShape bpmnElement="manualTask"
                              id="BPMNShape_manualTask">
                <omgdc:Bounds height="80.0" width="100.0" x="240.0" y="146.0"></omgdc:Bounds>
            </bpmndi:BPMNShape>
            <bpmndi:BPMNShape bpmnElement="serviceTask1"
                              id="BPMNShape_serviceTask1">
                <omgdc:Bounds height="80.0" width="100.0" x="516.5" y="146.0"></omgdc:Bounds>
            </bpmndi:BPMNShape>
            <bpmndi:BPMNShape bpmnElement="userTask1"
                              id="BPMNShape_userTask1">
                <omgdc:Bounds height="80.0" width="100.0" x="630.0" y="300.0"></omgdc:Bounds>
            </bpmndi:BPMNShape>
            <bpmndi:BPMNShape bpmnElement="sid-4C1B1F74-0A4C-41B1-8F02-A2F69BA19361"
                              id="BPMNShape_sid-4C1B1F74-0A4C-41B1-8F02-A2F69BA19361">
                <omgdc:Bounds height="28.0" width="28.0" x="775.0" y="326.0"></omgdc:Bounds>
            </bpmndi:BPMNShape>
            <bpmndi:BPMNEdge bpmnElement="sid-F0272B78-F787-40B4-8DF1-8CBFE0DDFA20"
                             id="BPMNEdge_sid-F0272B78-F787-40B4-8DF1-8CBFE0DDFA20">
                <omgdi:waypoint x="566.5" y="226.0"></omgdi:waypoint>
                <omgdi:waypoint x="566.5" y="263.0"></omgdi:waypoint>
                <omgdi:waypoint x="680.0" y="263.0"></omgdi:waypoint>
                <omgdi:waypoint x="680.0" y="300.0"></omgdi:waypoint>
            </bpmndi:BPMNEdge>
            <bpmndi:BPMNEdge bpmnElement="sid-5F7AA34B-DA85-4DC5-92EF-178C62A126BF"
                             id="BPMNEdge_sid-5F7AA34B-DA85-4DC5-92EF-178C62A126BF">
                <omgdi:waypoint x="340.0" y="186.0"></omgdi:waypoint>
                <omgdi:waypoint x="516.5" y="186.0"></omgdi:waypoint>
            </bpmndi:BPMNEdge>
            <bpmndi:BPMNEdge bpmnElement="sid-84861E99-FA36-43FA-907B-47E951037804"
                             id="BPMNEdge_sid-84861E99-FA36-43FA-907B-47E951037804">
                <omgdi:waypoint x="730.0" y="340.0"></omgdi:waypoint>
                <omgdi:waypoint x="775.0" y="340.0"></omgdi:waypoint>
            </bpmndi:BPMNEdge>
            <bpmndi:BPMNEdge bpmnElement="sid-397BDA87-2083-451F-9404-E9574757BEE1"
                             id="BPMNEdge_sid-397BDA87-2083-451F-9404-E9574757BEE1">
                <omgdi:waypoint x="120.0" y="186.0"></omgdi:waypoint>
                <omgdi:waypoint x="240.0" y="186.0"></omgdi:waypoint>
            </bpmndi:BPMNEdge>
        </bpmndi:BPMNPlane>
    </bpmndi:BPMNDiagram>
</definitions>
